TN:
SF:script/DeploySBT.s.sol
FN:12,DeploySBTScript.run
FNDA:0,DeploySBTScript.run
DA:13,0
DA:14,0
FNF:1
FNH:0
LF:2
LH:0
BRF:0
BRH:0
end_of_record
TN:
SF:script/IssueSBT.s.sol
FN:23,IssueSBTScript.setUp
FNDA:0,IssueSBTScript.setUp
DA:24,0
DA:26,0
DA:27,0
DA:28,0
FN:31,IssueSBTScript.run
FNDA:0,IssueSBTScript.run
DA:32,0
DA:34,0
DA:35,0
DA:36,0
DA:37,0
FNF:2
FNH:0
LF:9
LH:0
BRF:0
BRH:0
end_of_record
TN:
SF:script/ListBidEssay.s.sol
FN:11,ListBidEssayScript.run
FNDA:0,ListBidEssayScript.run
DA:13,0
DA:14,0
DA:15,0
DA:16,0
DA:17,0
DA:18,0
DA:19,0
DA:20,0
DA:21,0
DA:22,0
DA:23,0
DA:26,0
DA:29,0
DA:32,0
DA:33,0
DA:34,0
DA:35,0
DA:38,0
DA:39,0
DA:43,0
DA:44,0
DA:45,0
BRDA:45,0,0,-
BRDA:45,0,1,-
DA:46,0
BRDA:46,1,0,-
BRDA:46,1,1,-
DA:47,0
BRDA:47,2,0,-
BRDA:47,2,1,-
DA:48,0
BRDA:48,3,0,-
BRDA:48,3,1,-
DA:49,0
DA:52,0
DA:53,0
DA:54,0
FNF:1
FNH:0
LF:29
LH:0
BRF:8
BRH:0
end_of_record
TN:
SF:script/MintEssay.s.sol
FN:11,MintEssayScript.run
FNDA:0,MintEssayScript.run
DA:13,0
DA:14,0
DA:15,0
DA:16,0
DA:17,0
DA:29,0
DA:32,0
DA:33,0
FNF:1
FNH:0
LF:8
LH:0
BRF:0
BRH:0
end_of_record
TN:
SF:src/1729Essay.sol
FN:51,SevenTeenTwentyNineEssay.tokenURI
FNDA:4,SevenTeenTwentyNineEssay.tokenURI
DA:52,4
FN:56,SevenTeenTwentyNineEssay.totalSupply
FNDA:4,SevenTeenTwentyNineEssay.totalSupply
DA:57,4
FN:65,SevenTeenTwentyNineEssay.royaltyInfo
FNDA:3,SevenTeenTwentyNineEssay.royaltyInfo
DA:70,3
FN:74,SevenTeenTwentyNineEssay.supportsInterface
FNDA:4,SevenTeenTwentyNineEssay.supportsInterface
DA:75,4
FN:89,SevenTeenTwentyNineEssay.mint
FNDA:45,SevenTeenTwentyNineEssay.mint
DA:90,44
DA:91,44
DA:92,44
DA:93,44
DA:94,44
DA:96,44
FN:100,SevenTeenTwentyNineEssay.burn
FNDA:8,SevenTeenTwentyNineEssay.burn
DA:101,7
DA:102,7
FNF:6
FNH:6
LF:12
LH:12
BRF:0
BRH:0
end_of_record
TN:
SF:src/1729WritersCohort2.sol
FN:22,SevenTeenTwentyNineWritersCohort2.mint
FNDA:0,SevenTeenTwentyNineWritersCohort2.mint
DA:23,0
FNF:1
FNH:0
LF:1
LH:0
BRF:0
BRH:0
end_of_record
TN:
SF:src/SBT.sol
FN:50,SBT.uri
FNDA:5,SBT.uri
DA:51,5
FN:55,SBT.hasToken
FNDA:14,SBT.hasToken
DA:56,14
FN:60,SBT.hasTokenBatch
FNDA:2,SBT.hasTokenBatch
DA:61,2
DA:63,2
DA:64,6
DA:67,2
FN:78,SBT.safeTransferFrom
FNDA:1,SBT.safeTransferFrom
DA:89,1
FN:96,SBT.safeBatchTransferFrom
FNDA:1,SBT.safeBatchTransferFrom
DA:107,1
FN:112,SBT.setApprovalForAll
FNDA:1,SBT.setApprovalForAll
DA:113,1
FN:116,SBT.isApprovedForAll
FNDA:1,SBT.isApprovedForAll
DA:117,1
FN:127,SBT.createContribution
FNDA:32,SBT.createContribution
DA:132,31
BRDA:132,0,0,1
BRDA:132,0,1,30
DA:134,30
DA:135,30
DA:137,30
DA:139,30
FN:147,SBT.issue
FNDA:21,SBT.issue
DA:148,20
FN:152,SBT.issueBatch
FNDA:9,SBT.issueBatch
DA:153,8
DA:154,24
FN:163,SBT.revoke
FNDA:4,SBT.revoke
DA:164,3
FN:168,SBT.revokeBatch
FNDA:4,SBT.revokeBatch
DA:169,3
DA:170,7
FN:179,SBT.reject
FNDA:4,SBT.reject
DA:180,3
BRDA:180,1,0,1
BRDA:180,1,1,2
DA:182,2
DA:183,2
FN:191,SBT._hasToken
FNDA:65,SBT._hasToken
DA:192,65
FN:200,SBT._issue
FNDA:44,SBT._issue
DA:201,42
BRDA:201,2,0,1
BRDA:201,2,1,41
DA:203,41
DA:204,41
FN:208,SBT._revoke
FNDA:10,SBT._revoke
DA:209,8
DA:210,8
FNF:16
FNH:16
LF:30
LH:30
BRF:6
BRH:6
end_of_record
TN:
SF:tests/unit/1729Essay.t.sol
FN:593,WrongReturnDataERC721Recipient.onERC721Received
FNDA:2,WrongReturnDataERC721Recipient.onERC721Received
DA:594,2
FN:567,ERC721Recipient.onERC721Received
FNDA:2,ERC721Recipient.onERC721Received
DA:573,2
DA:574,2
DA:575,2
DA:576,2
DA:578,2
FN:587,RevertingERC721Recipient.onERC721Received
FNDA:0,RevertingERC721Recipient.onERC721Received
DA:588,0
FNF:3
FNH:2
LF:7
LH:6
BRF:0
BRH:0
end_of_record
